<?xml version="1.0" encoding="UTF-8"?>
<!-- Generated by org.testng.reporters.JUnitReportReporter -->
<testsuite skipped="0" hostname="Bubbly" name="com.tng.basics.Test1" tests="1" failures="0" timestamp="30 Apr 2018 19:12:59 GMT" time="0.022" errors="0">
  <testcase name="f" time="0.022" classname="com.tng.basics.Test1"/>
</testsuite> <!-- com.tng.basics.Test1 -->
